<?xml version="1.0" encoding="UTF-8" ?>
<testsuite tests="1" failures="1" name="Test1.Blazedemo.TestNGTestRunner" time="23.11" errors="0" skipped="0">
  <properties>
    <property name="java.runtime.name" value="Java(TM) SE Runtime Environment"/>
    <property name="java.vm.version" value="17.0.4+11-LTS-179"/>
    <property name="sun.boot.library.path" value="C:\Program Files\Java\jdk-17.0.4\bin"/>
    <property name="maven.multiModuleProjectDirectory" value="C:\Users\pc\eclipse-workspace\Blazedemo"/>
    <property name="java.vm.vendor" value="Oracle Corporation"/>
    <property name="java.vendor.url" value="https://java.oracle.com/"/>
    <property name="guice.disable.misplaced.annotation.check" value="true"/>
    <property name="path.separator" value=";"/>
    <property name="java.vm.name" value="Java HotSpot(TM) 64-Bit Server VM"/>
    <property name="sun.os.patch.level" value=""/>
    <property name="user.script" value=""/>
    <property name="user.country" value="IN"/>
    <property name="sun.java.launcher" value="SUN_STANDARD"/>
    <property name="java.vm.specification.name" value="Java Virtual Machine Specification"/>
    <property name="user.dir" value="C:\Users\pc\eclipse-workspace\Blazedemo"/>
    <property name="java.vm.compressedOopsMode" value="32-bit"/>
    <property name="java.runtime.version" value="17.0.4+11-LTS-179"/>
    <property name="os.arch" value="amd64"/>
    <property name="java.io.tmpdir" value="C:\Users\pc\AppData\Local\Temp\"/>
    <property name="line.separator" value="
"/>
    <property name="java.vm.specification.vendor" value="Oracle Corporation"/>
    <property name="user.variant" value=""/>
    <property name="os.name" value="Windows 10"/>
    <property name="classworlds.conf" value="C:\apache-maven-3.8.6\bin\m2.conf"/>
    <property name="sun.jnu.encoding" value="Cp1252"/>
    <property name="java.library.path" value="C:\Program Files\Java\jdk-17.0.4\bin;C:\WINDOWS\Sun\Java\bin;C:\WINDOWS\system32;C:\WINDOWS;C:\WINDOWS\system32;C:\WINDOWS;C:\WINDOWS\System32\Wbem;C:\WINDOWS\System32\WindowsPowerShell\v1.0\;C:\WINDOWS\System32\OpenSSH\;C:\Program Files\Java\jdk-17.0.4\bin;C:\apache-maven-3.8.6\bin;C:\Users\pc\AppData\Local\Microsoft\WindowsApps;;."/>
    <property name="maven.conf" value="C:\apache-maven-3.8.6/conf"/>
    <property name="jdk.debug" value="release"/>
    <property name="java.class.version" value="61.0"/>
    <property name="java.specification.name" value="Java Platform API Specification"/>
    <property name="sun.management.compiler" value="HotSpot 64-Bit Tiered Compilers"/>
    <property name="os.version" value="10.0"/>
    <property name="library.jansi.path" value="C:\apache-maven-3.8.6\lib\jansi-native"/>
    <property name="user.home" value="C:\Users\pc"/>
    <property name="user.timezone" value="Asia/Calcutta"/>
    <property name="file.encoding" value="Cp1252"/>
    <property name="java.specification.version" value="17"/>
    <property name="user.name" value="pc"/>
    <property name="java.class.path" value="C:\apache-maven-3.8.6\boot\plexus-classworlds-2.6.0.jar"/>
    <property name="java.vm.specification.version" value="17"/>
    <property name="sun.arch.data.model" value="64"/>
    <property name="sun.java.command" value="org.codehaus.plexus.classworlds.launcher.Launcher test"/>
    <property name="java.home" value="C:\Program Files\Java\jdk-17.0.4"/>
    <property name="user.language" value="en"/>
    <property name="java.specification.vendor" value="Oracle Corporation"/>
    <property name="java.vm.info" value="mixed mode, sharing"/>
    <property name="java.version" value="17.0.4"/>
    <property name="native.encoding" value="Cp1252"/>
    <property name="java.vendor" value="Oracle Corporation"/>
    <property name="sun.stderr.encoding" value="cp437"/>
    <property name="maven.home" value="C:\apache-maven-3.8.6"/>
    <property name="file.separator" value="\"/>
    <property name="java.version.date" value="2022-07-19"/>
    <property name="java.vendor.url.bug" value="https://bugreport.java.com/bugreport/"/>
    <property name="sun.io.unicode.encoding" value="UnicodeLittle"/>
    <property name="sun.cpu.endian" value="little"/>
    <property name="sun.stdout.encoding" value="cp437"/>
    <property name="sun.cpu.isalist" value="amd64"/>
  </properties>
  <testcase classname="Test1.Blazedemo.TestNGTestRunner" name="runScenario" time="23.11">
    <failure message="expected:&lt;[vacation]&gt; but was:&lt;[]&gt;" type="org.junit.ComparisonFailure">org.junit.ComparisonFailure: expected:&lt;[vacation]&gt; but was:&lt;[]&gt;
	at org.junit.Assert.assertEquals(Assert.java:115)
	at org.junit.Assert.assertEquals(Assert.java:144)
	at StepDefinations.Blaze.user_verifies_that_the_url_has_string_vacation(Blaze.java:49)
	at âœ½.user verifies that the url has string vacation(file:///C:/Users/pc/eclipse-workspace/Blazedemo/src/test/java/Features/Blaze.feature:9)
</failure>
    <system-out>Configuring TestNG with: org.apache.maven.surefire.testng.conf.TestNG652Configurator@5f2050f6
</system-out>
    <system-err>SLF4J: Failed to load class &quot;org.slf4j.impl.StaticLoggerBinder&quot;.
SLF4J: Defaulting to no-operation (NOP) logger implementation
SLF4J: See http://www.slf4j.org/codes.html#StaticLoggerBinder for further details.
Starting ChromeDriver 103.0.5060.53 (a1711811edd74ff1cf2150f36ffa3b0dae40b17f-refs/branch-heads/5060@{#853}) on port 59651
Only local connections are allowed.
Please see https://chromedriver.chromium.org/security-considerations for suggestions on keeping ChromeDriver safe.
ChromeDriver was started successfully.
[1661700956.801][WARNING]: This version of ChromeDriver has not been tested with Chrome version 104.
Aug 28, 2022 9:06:00 PM org.openqa.selenium.remote.ProtocolHandshake createSession
INFO: Detected upstream dialect: W3C
Aug 28, 2022 9:06:02 PM org.openqa.selenium.devtools.CdpVersionFinder findNearestMatch
INFO: Found exact CDP implementation for version 104
</system-err>
  </testcase>
</testsuite>